[debug] ----------------------------------------------------------------------
[debug] Command:      C:\Program Files\nodejs\node.exe C:\Users\Administrator\AppData\Roaming\npm\node_modules\firebase-tools\bin\firebase serve
[debug] CLI Version:  3.6.1
[debug] Platform:     win32
[debug] Node Version: v6.10.2
[debug] Time:         Wed May 03 2017 00:34:17 GMT+0900 (대한민국 표준시)
[debug] ----------------------------------------------------------------------
[debug] 
[debug] > command requires scopes: ["email","openid","https://www.googleapis.com/auth/cloudplatformprojects.readonly","https://www.googleapis.com/auth/firebase","https://www.googleapis.com/auth/cloud-platform"]
[debug] >>> HTTP REQUEST GET https://admin.firebase.com/v1/projects/yogurt-22fd4  
 Wed May 03 2017 00:34:17 GMT+0900 (대한민국 표준시)
[debug] <<< HTTP RESPONSE 200
[debug] >>> HTTP REQUEST GET https://admin.firebase.com/v1/database/yogurt-22fd4/tokens  
 Wed May 03 2017 00:34:18 GMT+0900 (대한민국 표준시)
[debug] <<< HTTP RESPONSE 200
[info] Starting Firebase development server...
[info] 
[info] Project Directory: C:\Users\Administrator\Desktop\yy
[debug] >>> HTTP REQUEST GET https://cloudresourcemanager.googleapis.com/v1/projects/yogurt-22fd4  
 Wed May 03 2017 00:34:19 GMT+0900 (대한민국 표준시)
[debug] <<< HTTP RESPONSE 200
[debug] >>> HTTP REQUEST GET https://mobilesdk-pa.googleapis.com/v1/projects/178442852803/clients/_:getWebAppConfig  
 Wed May 03 2017 00:34:20 GMT+0900 (대한민국 표준시)
[debug] <<< HTTP RESPONSE 200
[info] Public Directory: public
[info] 
[info] Server listening at: http://localhost:5000
